2025-11-17 10:55:48 INFO  Utils:112 - [TestNG] Running:
  C:\Users\DELL\eclipse-workspace\AutomationExercize\xml Files\master.xml

2025-11-17 10:56:43 INFO  TC003_DDTLogin:15 - ***TC003_DDTLogin Test Started
2025-11-17 10:57:00 INFO  TC003_DDTLogin:48 - ***TC003_DDTLogin Test ENDED
2025-11-17 10:57:00 INFO  TC003_DDTLogin:15 - ***TC003_DDTLogin Test Started
2025-11-17 10:57:15 INFO  TC003_DDTLogin:48 - ***TC003_DDTLogin Test ENDED
2025-11-17 10:57:15 INFO  TC003_DDTLogin:15 - ***TC003_DDTLogin Test Started
2025-11-17 10:57:31 INFO  TC003_DDTLogin:48 - ***TC003_DDTLogin Test ENDED
2025-11-17 10:57:31 INFO  TC003_DDTLogin:15 - ***TC003_DDTLogin Test Started
2025-11-17 10:57:49 INFO  TC003_DDTLogin:15 - ***TC003_DDTLogin Test Started
2025-11-17 10:58:04 INFO  TC003_DDTLogin:48 - ***TC003_DDTLogin Test ENDED
2025-11-17 11:01:30 INFO  Utils:112 - [TestNG] Running:
  C:\Users\DELL\eclipse-workspace\AutomationExercize\test-output\testng-failed.xml

2025-11-17 11:02:27 INFO  TC003_DDTLogin:15 - ***TC003_DDTLogin Test Started
2025-11-17 11:08:50 INFO  Utils:112 - [TestNG] Running:
  C:\Users\DELL\eclipse-workspace\AutomationExercize\test-output\testng-failed.xml

2025-11-17 11:09:46 INFO  TC003_DDTLogin:15 - ***TC003_DDTLogin Test Started
2025-11-17 11:27:51 INFO  TC003_DDTLogin:15 - ***TC003_DDTLogin Test Started
2025-11-17 11:28:09 INFO  TC003_DDTLogin:48 - ***TC003_DDTLogin Test ENDED
2025-11-17 11:28:09 INFO  TC003_DDTLogin:15 - ***TC003_DDTLogin Test Started
2025-11-17 11:28:31 INFO  TC003_DDTLogin:48 - ***TC003_DDTLogin Test ENDED
2025-11-17 11:28:31 INFO  TC003_DDTLogin:15 - ***TC003_DDTLogin Test Started
2025-11-17 11:29:17 INFO  TC003_DDTLogin:48 - ***TC003_DDTLogin Test ENDED
2025-11-17 11:29:17 INFO  TC003_DDTLogin:15 - ***TC003_DDTLogin Test Started
2025-11-17 11:29:38 INFO  TC003_DDTLogin:15 - ***TC003_DDTLogin Test Started
2025-11-17 11:29:57 INFO  TC003_DDTLogin:48 - ***TC003_DDTLogin Test ENDED
2025-11-17 11:36:01 INFO  TC003_DDTLogin:15 - ***TC003_DDTLogin Test Started
2025-11-17 11:36:33 INFO  TC003_DDTLogin:48 - ***TC003_DDTLogin Test ENDED
2025-11-17 11:36:33 INFO  TC003_DDTLogin:15 - ***TC003_DDTLogin Test Started
2025-11-17 11:36:50 INFO  TC003_DDTLogin:48 - ***TC003_DDTLogin Test ENDED
2025-11-17 11:36:50 INFO  TC003_DDTLogin:15 - ***TC003_DDTLogin Test Started
2025-11-17 11:38:44 INFO  TC003_DDTLogin:48 - ***TC003_DDTLogin Test ENDED
2025-11-17 11:38:44 INFO  TC003_DDTLogin:15 - ***TC003_DDTLogin Test Started
2025-11-17 11:39:23 INFO  TC003_DDTLogin:15 - ***TC003_DDTLogin Test Started
2025-11-17 11:39:25 INFO  TC003_DDTLogin:15 - ***TC003_DDTLogin Test Started
2025-11-17 11:39:41 INFO  TC003_DDTLogin:48 - ***TC003_DDTLogin Test ENDED
2025-11-17 11:39:41 INFO  TC003_DDTLogin:15 - ***TC003_DDTLogin Test Started
2025-11-17 11:39:42 INFO  TC003_DDTLogin:48 - ***TC003_DDTLogin Test ENDED
2025-11-17 11:39:57 INFO  TC003_DDTLogin:48 - ***TC003_DDTLogin Test ENDED
2025-11-17 11:39:57 INFO  TC003_DDTLogin:15 - ***TC003_DDTLogin Test Started
2025-11-17 11:40:22 INFO  TC003_DDTLogin:48 - ***TC003_DDTLogin Test ENDED
2025-11-17 11:40:22 INFO  TC003_DDTLogin:15 - ***TC003_DDTLogin Test Started
2025-11-17 11:40:41 INFO  TC003_DDTLogin:15 - ***TC003_DDTLogin Test Started
2025-11-17 11:40:57 INFO  TC003_DDTLogin:48 - ***TC003_DDTLogin Test ENDED
